mode: set
github.com/David-Alejandro-Jimenez/sale-watches/cmd/api/main.go:26.13,36.16 5 0
github.com/David-Alejandro-Jimenez/sale-watches/cmd/api/main.go:36.16,38.3 1 0
github.com/David-Alejandro-Jimenez/sale-watches/cmd/api/main.go:39.2,64.50 12 0
github.com/David-Alejandro-Jimenez/sale-watches/cmd/api/main.go:70.60,72.2 1 0
github.com/David-Alejandro-Jimenez/sale-watches/cmd/api/main.go:77.66,87.2 8 0
github.com/David-Alejandro-Jimenez/sale-watches/cmd/api/main.go:92.60,96.2 3 0
github.com/David-Alejandro-Jimenez/sale-watches/cmd/api/main.go:102.79,106.2 3 0
github.com/David-Alejandro-Jimenez/sale-watches/cmd/api/main.go:110.85,114.2 3 0
github.com/David-Alejandro-Jimenez/sale-watches/cmd/api/main.go:119.59,122.2 1 0
github.com/David-Alejandro-Jimenez/sale-watches/cmd/api/main.go:127.83,130.2 2 0
github.com/David-Alejandro-Jimenez/sale-watches/cmd/api/main.go:136.80,139.2 2 0
github.com/David-Alejandro-Jimenez/sale-watches/internal/adapters/primary/http/comments_handler.go:23.79,27.2 1 0
github.com/David-Alejandro-Jimenez/sale-watches/internal/adapters/primary/http/comments_handler.go:32.74,34.16 2 0
github.com/David-Alejandro-Jimenez/sale-watches/internal/adapters/primary/http/comments_handler.go:34.16,37.3 2 0
github.com/David-Alejandro-Jimenez/sale-watches/internal/adapters/primary/http/comments_handler.go:39.2,39.55 1 0
github.com/David-Alejandro-Jimenez/sale-watches/internal/adapters/primary/http/login_handler.go:26.77,30.2 1 0
github.com/David-Alejandro-Jimenez/sale-watches/internal/adapters/primary/http/login_handler.go:35.71,36.33 1 0
github.com/David-Alejandro-Jimenez/sale-watches/internal/adapters/primary/http/login_handler.go:36.33,39.3 2 0
github.com/David-Alejandro-Jimenez/sale-watches/internal/adapters/primary/http/login_handler.go:41.2,42.65 2 0
github.com/David-Alejandro-Jimenez/sale-watches/internal/adapters/primary/http/login_handler.go:42.65,45.3 2 0
github.com/David-Alejandro-Jimenez/sale-watches/internal/adapters/primary/http/login_handler.go:47.2,48.16 2 0
github.com/David-Alejandro-Jimenez/sale-watches/internal/adapters/primary/http/login_handler.go:48.16,51.3 2 0
github.com/David-Alejandro-Jimenez/sale-watches/internal/adapters/primary/http/login_handler.go:53.2,57.4 3 0
github.com/David-Alejandro-Jimenez/sale-watches/internal/adapters/primary/http/main_page_handler.go:20.44,22.2 1 0
github.com/David-Alejandro-Jimenez/sale-watches/internal/adapters/primary/http/main_page_handler.go:27.58,29.2 1 0
github.com/David-Alejandro-Jimenez/sale-watches/internal/adapters/primary/http/main_page_handler.go:34.74,39.23 2 0
github.com/David-Alejandro-Jimenez/sale-watches/internal/adapters/primary/http/main_page_handler.go:39.23,41.3 1 0
github.com/David-Alejandro-Jimenez/sale-watches/internal/adapters/primary/http/main_page_handler.go:41.8,44.3 1 0
github.com/David-Alejandro-Jimenez/sale-watches/internal/adapters/primary/http/main_page_handler.go:47.2,48.16 2 0
github.com/David-Alejandro-Jimenez/sale-watches/internal/adapters/primary/http/main_page_handler.go:48.16,51.3 2 0
github.com/David-Alejandro-Jimenez/sale-watches/internal/adapters/primary/http/main_page_handler.go:52.2,52.22 1 0
github.com/David-Alejandro-Jimenez/sale-watches/internal/adapters/primary/http/register_handler.go:26.89,30.2 1 0
github.com/David-Alejandro-Jimenez/sale-watches/internal/adapters/primary/http/register_handler.go:36.74,38.33 1 0
github.com/David-Alejandro-Jimenez/sale-watches/internal/adapters/primary/http/register_handler.go:38.33,41.3 2 0
github.com/David-Alejandro-Jimenez/sale-watches/internal/adapters/primary/http/register_handler.go:44.2,45.65 2 0
github.com/David-Alejandro-Jimenez/sale-watches/internal/adapters/primary/http/register_handler.go:45.65,48.3 2 0
github.com/David-Alejandro-Jimenez/sale-watches/internal/adapters/primary/http/register_handler.go:51.2,52.16 2 0
github.com/David-Alejandro-Jimenez/sale-watches/internal/adapters/primary/http/register_handler.go:52.16,55.3 2 0
github.com/David-Alejandro-Jimenez/sale-watches/internal/adapters/primary/http/register_handler.go:58.2,64.4 3 0
github.com/David-Alejandro-Jimenez/sale-watches/internal/adapters/primary/http/router.go:36.56,64.2 6 0
github.com/David-Alejandro-Jimenez/sale-watches/internal/adapters/primary/http/router.go:75.15,125.2 18 0
github.com/David-Alejandro-Jimenez/sale-watches/internal/adapters/primary/http/static_file_handler.go:29.87,50.2 2 0
github.com/David-Alejandro-Jimenez/sale-watches/internal/adapters/primary/http/static_file_handler.go:55.64,63.2 4 0
github.com/David-Alejandro-Jimenez/sale-watches/internal/adapters/primary/http/static_file_handler.go:68.87,71.2 2 0
github.com/David-Alejandro-Jimenez/sale-watches/internal/adapters/primary/http/static_file_handler.go:77.86,84.44 4 0
github.com/David-Alejandro-Jimenez/sale-watches/internal/adapters/primary/http/static_file_handler.go:84.44,87.3 2 0
github.com/David-Alejandro-Jimenez/sale-watches/internal/adapters/primary/http/static_file_handler.go:90.2,90.44 1 0
github.com/David-Alejandro-Jimenez/sale-watches/internal/adapters/primary/http/static_file_handler.go:90.44,93.3 2 0
github.com/David-Alejandro-Jimenez/sale-watches/internal/adapters/primary/http/static_file_handler.go:96.2,101.25 4 0
github.com/David-Alejandro-Jimenez/sale-watches/pkg/errors/errors.go:24.35,25.18 1 0
github.com/David-Alejandro-Jimenez/sale-watches/pkg/errors/errors.go:25.18,27.3 1 0
github.com/David-Alejandro-Jimenez/sale-watches/pkg/errors/errors.go:28.2,28.50 1 0
github.com/David-Alejandro-Jimenez/sale-watches/pkg/errors/errors.go:33.35,35.2 1 0
github.com/David-Alejandro-Jimenez/sale-watches/pkg/errors/errors.go:42.51,45.2 2 0
github.com/David-Alejandro-Jimenez/sale-watches/pkg/errors/errors.go:50.51,55.2 1 0
github.com/David-Alejandro-Jimenez/sale-watches/pkg/errors/errors.go:58.49,63.2 1 0
github.com/David-Alejandro-Jimenez/sale-watches/pkg/errors/errors.go:66.49,71.2 1 0
github.com/David-Alejandro-Jimenez/sale-watches/pkg/errors/errors.go:74.45,79.2 1 0
github.com/David-Alejandro-Jimenez/sale-watches/pkg/errors/errors.go:82.56,87.2 1 0
github.com/David-Alejandro-Jimenez/sale-watches/pkg/errors/errors.go:90.49,95.2 1 0
github.com/David-Alejandro-Jimenez/sale-watches/pkg/errors/errors.go:98.50,103.2 1 0
github.com/David-Alejandro-Jimenez/sale-watches/pkg/errors/errors.go:106.51,111.2 1 0
github.com/David-Alejandro-Jimenez/sale-watches/pkg/errors/errors.go:117.33,118.39 1 0
github.com/David-Alejandro-Jimenez/sale-watches/pkg/errors/errors.go:118.39,120.3 1 0
github.com/David-Alejandro-Jimenez/sale-watches/pkg/errors/errors.go:121.2,121.14 1 0
github.com/David-Alejandro-Jimenez/sale-watches/pkg/errors/errors.go:126.34,127.39 1 0
github.com/David-Alejandro-Jimenez/sale-watches/pkg/errors/errors.go:127.39,129.3 1 0
github.com/David-Alejandro-Jimenez/sale-watches/pkg/errors/errors.go:130.2,130.14 1 0
github.com/David-Alejandro-Jimenez/sale-watches/pkg/errors/errors.go:135.40,136.39 1 0
github.com/David-Alejandro-Jimenez/sale-watches/pkg/errors/errors.go:136.39,138.3 1 0
github.com/David-Alejandro-Jimenez/sale-watches/pkg/errors/errors.go:139.2,139.14 1 0
github.com/David-Alejandro-Jimenez/sale-watches/pkg/errors/errors.go:144.38,145.39 1 0
github.com/David-Alejandro-Jimenez/sale-watches/pkg/errors/errors.go:145.39,147.3 1 0
github.com/David-Alejandro-Jimenez/sale-watches/pkg/errors/errors.go:148.2,148.14 1 0
github.com/David-Alejandro-Jimenez/sale-watches/pkg/http/cookies.go:27.43,28.31 1 1
github.com/David-Alejandro-Jimenez/sale-watches/pkg/http/cookies.go:28.31,30.3 1 1
github.com/David-Alejandro-Jimenez/sale-watches/pkg/http/cookies.go:35.54,36.31 1 1
github.com/David-Alejandro-Jimenez/sale-watches/pkg/http/cookies.go:36.31,38.3 1 1
github.com/David-Alejandro-Jimenez/sale-watches/pkg/http/cookies.go:43.47,44.31 1 1
github.com/David-Alejandro-Jimenez/sale-watches/pkg/http/cookies.go:44.31,46.3 1 1
github.com/David-Alejandro-Jimenez/sale-watches/pkg/http/cookies.go:51.41,52.31 1 1
github.com/David-Alejandro-Jimenez/sale-watches/pkg/http/cookies.go:52.31,54.3 1 1
github.com/David-Alejandro-Jimenez/sale-watches/pkg/http/cookies.go:59.43,60.31 1 1
github.com/David-Alejandro-Jimenez/sale-watches/pkg/http/cookies.go:60.31,62.3 1 1
github.com/David-Alejandro-Jimenez/sale-watches/pkg/http/cookies.go:67.56,68.31 1 1
github.com/David-Alejandro-Jimenez/sale-watches/pkg/http/cookies.go:68.31,70.3 1 1
github.com/David-Alejandro-Jimenez/sale-watches/pkg/http/cookies.go:80.73,90.33 2 1
github.com/David-Alejandro-Jimenez/sale-watches/pkg/http/cookies.go:90.33,92.3 1 1
github.com/David-Alejandro-Jimenez/sale-watches/pkg/http/cookies.go:94.2,94.15 1 1
github.com/David-Alejandro-Jimenez/sale-watches/pkg/http/cookies.go:105.97,114.18 2 1
github.com/David-Alejandro-Jimenez/sale-watches/pkg/http/cookies.go:114.18,116.3 1 1
github.com/David-Alejandro-Jimenez/sale-watches/pkg/http/cookies.go:118.2,120.48 2 1
github.com/David-Alejandro-Jimenez/sale-watches/pkg/http/cookies.go:125.60,135.23 2 1
github.com/David-Alejandro-Jimenez/sale-watches/pkg/http/cookies.go:135.23,138.3 2 1
github.com/David-Alejandro-Jimenez/sale-watches/pkg/http/cookies.go:138.8,141.3 2 1
github.com/David-Alejandro-Jimenez/sale-watches/pkg/http/cookies.go:143.2,143.28 1 1
github.com/David-Alejandro-Jimenez/sale-watches/pkg/http/cookies.go:148.101,151.2 2 1
github.com/David-Alejandro-Jimenez/sale-watches/pkg/http/cookies.go:155.54,164.2 2 0
github.com/David-Alejandro-Jimenez/sale-watches/pkg/http/response_util.go:15.80,19.2 3 0
github.com/David-Alejandro-Jimenez/sale-watches/pkg/http/response_util.go:24.52,25.46 1 0
github.com/David-Alejandro-Jimenez/sale-watches/pkg/http/response_util.go:25.46,27.3 1 0
github.com/David-Alejandro-Jimenez/sale-watches/pkg/http/response_util.go:27.8,29.3 1 0
github.com/David-Alejandro-Jimenez/sale-watches/internal/adapters/primary/http/middleware/auth.go:24.40,28.2 1 0
github.com/David-Alejandro-Jimenez/sale-watches/internal/adapters/primary/http/middleware/auth.go:45.54,46.46 1 0
github.com/David-Alejandro-Jimenez/sale-watches/internal/adapters/primary/http/middleware/auth.go:46.46,47.72 1 0
github.com/David-Alejandro-Jimenez/sale-watches/internal/adapters/primary/http/middleware/auth.go:47.72,49.47 1 0
github.com/David-Alejandro-Jimenez/sale-watches/internal/adapters/primary/http/middleware/auth.go:49.47,50.123 1 0
github.com/David-Alejandro-Jimenez/sale-watches/internal/adapters/primary/http/middleware/auth.go:50.123,53.6 2 0
github.com/David-Alejandro-Jimenez/sale-watches/internal/adapters/primary/http/middleware/auth.go:57.4,58.40 2 0
github.com/David-Alejandro-Jimenez/sale-watches/internal/adapters/primary/http/middleware/auth.go:58.40,61.5 2 0
github.com/David-Alejandro-Jimenez/sale-watches/internal/adapters/primary/http/middleware/auth.go:64.4,66.18 3 0
github.com/David-Alejandro-Jimenez/sale-watches/internal/adapters/primary/http/middleware/auth.go:66.18,69.5 2 0
github.com/David-Alejandro-Jimenez/sale-watches/internal/adapters/primary/http/middleware/auth.go:72.4,72.24 1 0
github.com/David-Alejandro-Jimenez/sale-watches/internal/adapters/primary/http/middleware/cors.go:54.38,63.2 1 0
github.com/David-Alejandro-Jimenez/sale-watches/internal/adapters/primary/http/middleware/cors.go:88.52,89.46 1 0
github.com/David-Alejandro-Jimenez/sale-watches/internal/adapters/primary/http/middleware/cors.go:89.46,90.72 1 0
github.com/David-Alejandro-Jimenez/sale-watches/internal/adapters/primary/http/middleware/cors.go:90.72,95.44 3 0
github.com/David-Alejandro-Jimenez/sale-watches/internal/adapters/primary/http/middleware/cors.go:95.44,96.32 1 0
github.com/David-Alejandro-Jimenez/sale-watches/internal/adapters/primary/http/middleware/cors.go:96.32,98.11 2 0
github.com/David-Alejandro-Jimenez/sale-watches/internal/adapters/primary/http/middleware/cors.go:103.4,103.27 1 0
github.com/David-Alejandro-Jimenez/sale-watches/internal/adapters/primary/http/middleware/cors.go:103.27,106.32 2 0
github.com/David-Alejandro-Jimenez/sale-watches/internal/adapters/primary/http/middleware/cors.go:106.32,108.6 1 0
github.com/David-Alejandro-Jimenez/sale-watches/internal/adapters/primary/http/middleware/cors.go:111.5,111.30 1 0
github.com/David-Alejandro-Jimenez/sale-watches/internal/adapters/primary/http/middleware/cors.go:111.30,115.27 3 0
github.com/David-Alejandro-Jimenez/sale-watches/internal/adapters/primary/http/middleware/cors.go:115.27,117.7 1 0
github.com/David-Alejandro-Jimenez/sale-watches/internal/adapters/primary/http/middleware/cors.go:120.6,121.12 2 0
github.com/David-Alejandro-Jimenez/sale-watches/internal/adapters/primary/http/middleware/cors.go:125.5,125.39 1 0
github.com/David-Alejandro-Jimenez/sale-watches/internal/adapters/primary/http/middleware/cors.go:125.39,127.6 1 0
github.com/David-Alejandro-Jimenez/sale-watches/internal/adapters/primary/http/middleware/cors.go:131.4,131.24 1 0
github.com/David-Alejandro-Jimenez/sale-watches/internal/adapters/primary/http/middleware/cors.go:147.59,149.2 1 0
github.com/David-Alejandro-Jimenez/sale-watches/internal/adapters/primary/http/middleware/middleware.go:21.50,22.46 1 0
github.com/David-Alejandro-Jimenez/sale-watches/internal/adapters/primary/http/middleware/middleware.go:22.46,23.46 1 0
github.com/David-Alejandro-Jimenez/sale-watches/internal/adapters/primary/http/middleware/middleware.go:23.46,25.4 1 0
github.com/David-Alejandro-Jimenez/sale-watches/internal/adapters/primary/http/middleware/middleware.go:26.3,26.14 1 0
github.com/David-Alejandro-Jimenez/sale-watches/internal/adapters/primary/http/middleware/middleware.go:39.48,43.2 1 0
github.com/David-Alejandro-Jimenez/sale-watches/internal/adapters/primary/http/middleware/middleware.go:47.62,49.2 1 0
github.com/David-Alejandro-Jimenez/sale-watches/internal/adapters/primary/http/middleware/middleware.go:53.97,57.2 2 0
github.com/David-Alejandro-Jimenez/sale-watches/internal/adapters/primary/http/middleware/middleware.go:61.63,62.34 1 0
github.com/David-Alejandro-Jimenez/sale-watches/internal/adapters/primary/http/middleware/middleware.go:62.34,63.51 1 0
github.com/David-Alejandro-Jimenez/sale-watches/internal/adapters/primary/http/middleware/middleware.go:63.51,65.4 1 0
github.com/David-Alejandro-Jimenez/sale-watches/internal/adapters/primary/http/middleware/middleware.go:73.56,74.71 1 0
github.com/David-Alejandro-Jimenez/sale-watches/internal/adapters/primary/http/middleware/middleware.go:74.71,87.27 5 0
github.com/David-Alejandro-Jimenez/sale-watches/internal/adapters/primary/http/middleware/middleware.go:87.27,96.4 1 0
github.com/David-Alejandro-Jimenez/sale-watches/internal/adapters/primary/http/middleware/middleware.go:96.9,105.4 1 0
github.com/David-Alejandro-Jimenez/sale-watches/internal/adapters/primary/http/middleware/middleware.go:120.63,122.2 1 0
github.com/David-Alejandro-Jimenez/sale-watches/internal/adapters/primary/http/middleware/middleware.go:125.49,128.2 2 0
github.com/David-Alejandro-Jimenez/sale-watches/internal/adapters/primary/http/middleware/rate_limit.go:20.114,21.46 1 0
github.com/David-Alejandro-Jimenez/sale-watches/internal/adapters/primary/http/middleware/rate_limit.go:21.46,22.72 1 0
github.com/David-Alejandro-Jimenez/sale-watches/internal/adapters/primary/http/middleware/rate_limit.go:22.72,25.32 2 0
github.com/David-Alejandro-Jimenez/sale-watches/internal/adapters/primary/http/middleware/rate_limit.go:25.32,28.5 2 0
github.com/David-Alejandro-Jimenez/sale-watches/internal/adapters/primary/http/middleware/rate_limit.go:29.4,29.24 1 0
github.com/David-Alejandro-Jimenez/sale-watches/internal/adapters/primary/http/middleware/timing.go:29.42,32.76 1 0
github.com/David-Alejandro-Jimenez/sale-watches/internal/adapters/primary/http/middleware/timing.go:32.76,33.15 1 0
github.com/David-Alejandro-Jimenez/sale-watches/internal/adapters/primary/http/middleware/timing.go:33.15,35.5 1 0
github.com/David-Alejandro-Jimenez/sale-watches/internal/adapters/primary/http/middleware/timing.go:35.10,37.5 1 0
github.com/David-Alejandro-Jimenez/sale-watches/internal/adapters/primary/http/middleware/timing.go:45.56,46.46 1 0
github.com/David-Alejandro-Jimenez/sale-watches/internal/adapters/primary/http/middleware/timing.go:46.46,47.72 1 0
github.com/David-Alejandro-Jimenez/sale-watches/internal/adapters/primary/http/middleware/timing.go:47.72,62.4 5 0
github.com/David-Alejandro-Jimenez/sale-watches/internal/adapters/primary/http/middleware/timing.go:69.61,71.2 1 0
github.com/David-Alejandro-Jimenez/sale-watches/internal/config/config.go:22.32,49.46 16 0
github.com/David-Alejandro-Jimenez/sale-watches/internal/config/config.go:49.46,52.3 2 0
github.com/David-Alejandro-Jimenez/sale-watches/internal/config/config.go:54.2,56.3 1 0
github.com/David-Alejandro-Jimenez/sale-watches/internal/config/config.go:61.38,63.16 2 0
github.com/David-Alejandro-Jimenez/sale-watches/internal/config/config.go:63.16,65.3 1 0
github.com/David-Alejandro-Jimenez/sale-watches/internal/config/config.go:66.2,66.13 1 0
github.com/David-Alejandro-Jimenez/sale-watches/internal/config/config.go:70.46,72.2 1 0
github.com/David-Alejandro-Jimenez/sale-watches/internal/config/config.go:75.43,77.2 1 0
github.com/David-Alejandro-Jimenez/sale-watches/internal/config/config.go:80.63,85.2 1 0
github.com/David-Alejandro-Jimenez/sale-watches/internal/config/config.go:90.43,95.21 2 0
github.com/David-Alejandro-Jimenez/sale-watches/internal/config/config.go:95.21,97.3 1 0
github.com/David-Alejandro-Jimenez/sale-watches/internal/config/config.go:100.2,100.54 1 0
github.com/David-Alejandro-Jimenez/sale-watches/internal/config/config.go:100.54,103.17 2 0
github.com/David-Alejandro-Jimenez/sale-watches/internal/config/config.go:103.17,106.46 3 0
github.com/David-Alejandro-Jimenez/sale-watches/internal/config/config.go:106.46,108.5 1 0
github.com/David-Alejandro-Jimenez/sale-watches/internal/config/config.go:110.3,110.68 1 0
github.com/David-Alejandro-Jimenez/sale-watches/internal/config/config.go:113.2,113.18 1 0
github.com/David-Alejandro-Jimenez/sale-watches/internal/config/config.go:117.41,119.2 1 0
github.com/David-Alejandro-Jimenez/sale-watches/internal/config/config.go:123.38,124.63 1 0
github.com/David-Alejandro-Jimenez/sale-watches/internal/config/config.go:124.63,126.3 1 0
github.com/David-Alejandro-Jimenez/sale-watches/internal/adapters/secondary/repository/user_repository.go:26.127,27.15 1 0
github.com/David-Alejandro-Jimenez/sale-watches/internal/adapters/secondary/repository/user_repository.go:27.15,29.3 1 0
github.com/David-Alejandro-Jimenez/sale-watches/internal/adapters/secondary/repository/user_repository.go:31.2,31.26 1 0
github.com/David-Alejandro-Jimenez/sale-watches/internal/adapters/secondary/repository/user_repository.go:31.26,33.3 1 0
github.com/David-Alejandro-Jimenez/sale-watches/internal/adapters/secondary/repository/user_repository.go:34.2,34.19 1 0
github.com/David-Alejandro-Jimenez/sale-watches/internal/adapters/secondary/repository/user_repository.go:34.19,36.3 1 0
github.com/David-Alejandro-Jimenez/sale-watches/internal/adapters/secondary/repository/user_repository.go:38.2,44.3 2 0
github.com/David-Alejandro-Jimenez/sale-watches/internal/adapters/secondary/repository/user_repository.go:51.71,55.16 4 0
github.com/David-Alejandro-Jimenez/sale-watches/internal/adapters/secondary/repository/user_repository.go:55.16,57.3 1 0
github.com/David-Alejandro-Jimenez/sale-watches/internal/adapters/secondary/repository/user_repository.go:58.2,58.20 1 0
github.com/David-Alejandro-Jimenez/sale-watches/internal/adapters/secondary/repository/user_repository.go:64.78,68.16 4 0
github.com/David-Alejandro-Jimenez/sale-watches/internal/adapters/secondary/repository/user_repository.go:68.16,69.27 1 0
github.com/David-Alejandro-Jimenez/sale-watches/internal/adapters/secondary/repository/user_repository.go:69.27,71.4 1 0
github.com/David-Alejandro-Jimenez/sale-watches/internal/adapters/secondary/repository/user_repository.go:72.3,72.77 1 0
github.com/David-Alejandro-Jimenez/sale-watches/internal/adapters/secondary/repository/user_repository.go:74.2,74.26 1 0
github.com/David-Alejandro-Jimenez/sale-watches/internal/adapters/secondary/repository/user_repository.go:80.70,84.16 4 0
github.com/David-Alejandro-Jimenez/sale-watches/internal/adapters/secondary/repository/user_repository.go:84.16,85.27 1 0
github.com/David-Alejandro-Jimenez/sale-watches/internal/adapters/secondary/repository/user_repository.go:85.27,87.4 1 0
github.com/David-Alejandro-Jimenez/sale-watches/internal/adapters/secondary/repository/user_repository.go:88.3,88.77 1 0
github.com/David-Alejandro-Jimenez/sale-watches/internal/adapters/secondary/repository/user_repository.go:90.2,90.18 1 0
github.com/David-Alejandro-Jimenez/sale-watches/internal/adapters/secondary/repository/user_repository.go:96.71,99.16 2 0
github.com/David-Alejandro-Jimenez/sale-watches/internal/adapters/secondary/repository/user_repository.go:99.16,101.3 1 0
github.com/David-Alejandro-Jimenez/sale-watches/internal/adapters/secondary/repository/user_repository.go:104.2,106.16 3 0
github.com/David-Alejandro-Jimenez/sale-watches/internal/adapters/secondary/repository/user_repository.go:106.16,108.3 1 0
github.com/David-Alejandro-Jimenez/sale-watches/internal/adapters/secondary/repository/user_repository.go:111.2,112.16 2 0
github.com/David-Alejandro-Jimenez/sale-watches/internal/adapters/secondary/repository/user_repository.go:112.16,114.3 1 0
github.com/David-Alejandro-Jimenez/sale-watches/internal/adapters/secondary/repository/user_repository.go:115.2,115.12 1 0
github.com/David-Alejandro-Jimenez/sale-watches/internal/adapters/secondary/static/file_server.go:22.50,26.2 1 0
github.com/David-Alejandro-Jimenez/sale-watches/internal/adapters/secondary/static/file_server.go:36.58,48.2 6 0
github.com/David-Alejandro-Jimenez/sale-watches/internal/adapters/secondary/static/file_server.go:54.69,57.2 2 0
github.com/David-Alejandro-Jimenez/sale-watches/internal/adapters/secondary/static/file_server.go:60.45,62.2 1 0
github.com/David-Alejandro-Jimenez/sale-watches/internal/adapters/secondary/static/static_file_adapter.go:23.64,27.2 1 0
github.com/David-Alejandro-Jimenez/sale-watches/internal/adapters/secondary/static/static_file_adapter.go:30.51,32.2 1 0
github.com/David-Alejandro-Jimenez/sale-watches/internal/adapters/secondary/static/static_file_adapter.go:39.81,47.35 3 0
github.com/David-Alejandro-Jimenez/sale-watches/internal/adapters/secondary/static/static_file_adapter.go:47.35,49.3 1 0
github.com/David-Alejandro-Jimenez/sale-watches/internal/adapters/secondary/static/static_file_adapter.go:51.2,51.19 1 0
github.com/David-Alejandro-Jimenez/sale-watches/internal/adapters/secondary/static/static_file_adapter.go:58.59,63.39 2 0
github.com/David-Alejandro-Jimenez/sale-watches/internal/adapters/secondary/static/static_file_adapter.go:63.39,65.3 1 0
github.com/David-Alejandro-Jimenez/sale-watches/internal/adapters/secondary/static/static_file_adapter.go:68.2,72.16 3 0
github.com/David-Alejandro-Jimenez/sale-watches/internal/adapters/secondary/static/static_file_adapter.go:72.16,74.3 1 0
github.com/David-Alejandro-Jimenez/sale-watches/internal/adapters/secondary/static/static_file_adapter.go:77.2,77.22 1 0
github.com/David-Alejandro-Jimenez/sale-watches/internal/adapters/secondary/static/static_file_adapter.go:84.65,90.20 3 0
github.com/David-Alejandro-Jimenez/sale-watches/internal/adapters/secondary/static/static_file_adapter.go:90.20,93.3 1 0
github.com/David-Alejandro-Jimenez/sale-watches/internal/adapters/secondary/static/static_file_adapter.go:95.2,95.17 1 0
github.com/David-Alejandro-Jimenez/sale-watches/internal/core/domain/services/base_auth_service.go:27.67,28.63 1 0
github.com/David-Alejandro-Jimenez/sale-watches/internal/core/domain/services/base_auth_service.go:28.63,30.3 1 0
github.com/David-Alejandro-Jimenez/sale-watches/internal/core/domain/services/base_auth_service.go:31.2,31.12 1 0
github.com/David-Alejandro-Jimenez/sale-watches/internal/core/domain/services/base_auth_service.go:36.67,37.63 1 0
github.com/David-Alejandro-Jimenez/sale-watches/internal/core/domain/services/base_auth_service.go:37.63,39.3 1 0
github.com/David-Alejandro-Jimenez/sale-watches/internal/core/domain/services/base_auth_service.go:40.2,40.12 1 0
github.com/David-Alejandro-Jimenez/sale-watches/internal/core/domain/services/base_auth_service.go:44.74,46.16 2 0
github.com/David-Alejandro-Jimenez/sale-watches/internal/core/domain/services/base_auth_service.go:46.16,48.3 1 0
github.com/David-Alejandro-Jimenez/sale-watches/internal/core/domain/services/base_auth_service.go:49.2,49.20 1 0
github.com/David-Alejandro-Jimenez/sale-watches/internal/core/domain/services/base_auth_service.go:53.74,55.16 2 0
github.com/David-Alejandro-Jimenez/sale-watches/internal/core/domain/services/base_auth_service.go:55.16,57.3 1 0
github.com/David-Alejandro-Jimenez/sale-watches/internal/core/domain/services/base_auth_service.go:59.2,59.19 1 0
github.com/David-Alejandro-Jimenez/sale-watches/internal/core/domain/services/user_login_service.go:28.135,36.2 1 0
github.com/David-Alejandro-Jimenez/sale-watches/internal/core/domain/services/user_login_service.go:53.74,55.61 1 0
github.com/David-Alejandro-Jimenez/sale-watches/internal/core/domain/services/user_login_service.go:55.61,57.3 1 0
github.com/David-Alejandro-Jimenez/sale-watches/internal/core/domain/services/user_login_service.go:60.2,61.16 2 0
github.com/David-Alejandro-Jimenez/sale-watches/internal/core/domain/services/user_login_service.go:61.16,63.3 1 0
github.com/David-Alejandro-Jimenez/sale-watches/internal/core/domain/services/user_login_service.go:64.2,64.13 1 0
github.com/David-Alejandro-Jimenez/sale-watches/internal/core/domain/services/user_login_service.go:64.13,66.3 1 0
github.com/David-Alejandro-Jimenez/sale-watches/internal/core/domain/services/user_login_service.go:69.2,70.16 2 0
github.com/David-Alejandro-Jimenez/sale-watches/internal/core/domain/services/user_login_service.go:70.16,72.3 1 0
github.com/David-Alejandro-Jimenez/sale-watches/internal/core/domain/services/user_login_service.go:73.2,74.16 2 0
github.com/David-Alejandro-Jimenez/sale-watches/internal/core/domain/services/user_login_service.go:74.16,76.3 1 0
github.com/David-Alejandro-Jimenez/sale-watches/internal/core/domain/services/user_login_service.go:79.2,81.16 3 0
github.com/David-Alejandro-Jimenez/sale-watches/internal/core/domain/services/user_login_service.go:81.16,83.3 1 0
github.com/David-Alejandro-Jimenez/sale-watches/internal/core/domain/services/user_login_service.go:86.2,86.42 1 0
github.com/David-Alejandro-Jimenez/sale-watches/internal/core/domain/services/user_register_service.go:27.141,35.2 1 0
github.com/David-Alejandro-Jimenez/sale-watches/internal/core/domain/services/user_register_service.go:52.80,54.61 1 0
github.com/David-Alejandro-Jimenez/sale-watches/internal/core/domain/services/user_register_service.go:54.61,56.3 1 0
github.com/David-Alejandro-Jimenez/sale-watches/internal/core/domain/services/user_register_service.go:59.2,59.61 1 0
github.com/David-Alejandro-Jimenez/sale-watches/internal/core/domain/services/user_register_service.go:59.61,61.3 1 0
github.com/David-Alejandro-Jimenez/sale-watches/internal/core/domain/services/user_register_service.go:64.2,65.16 2 0
github.com/David-Alejandro-Jimenez/sale-watches/internal/core/domain/services/user_register_service.go:65.16,67.3 1 0
github.com/David-Alejandro-Jimenez/sale-watches/internal/core/domain/services/user_register_service.go:68.2,68.12 1 0
github.com/David-Alejandro-Jimenez/sale-watches/internal/core/domain/services/user_register_service.go:68.12,70.3 1 0
github.com/David-Alejandro-Jimenez/sale-watches/internal/core/domain/services/user_register_service.go:73.2,73.80 1 0
github.com/David-Alejandro-Jimenez/sale-watches/internal/core/domain/services/user_register_service.go:73.80,75.3 1 0
github.com/David-Alejandro-Jimenez/sale-watches/internal/core/domain/services/user_register_service.go:78.2,78.42 1 0
github.com/David-Alejandro-Jimenez/sale-watches/internal/core/domain/services/validation.go:27.61,28.20 1 0
github.com/David-Alejandro-Jimenez/sale-watches/internal/core/domain/services/validation.go:28.20,30.3 1 0
github.com/David-Alejandro-Jimenez/sale-watches/internal/core/domain/services/validation.go:32.2,32.39 1 0
github.com/David-Alejandro-Jimenez/sale-watches/internal/core/domain/services/validation.go:32.39,34.3 1 0
github.com/David-Alejandro-Jimenez/sale-watches/internal/core/domain/services/validation.go:36.2,36.12 1 0
github.com/David-Alejandro-Jimenez/sale-watches/internal/core/domain/services/validation.go:52.61,53.20 1 0
github.com/David-Alejandro-Jimenez/sale-watches/internal/core/domain/services/validation.go:53.20,55.3 1 0
github.com/David-Alejandro-Jimenez/sale-watches/internal/core/domain/services/validation.go:56.2,56.39 1 0
github.com/David-Alejandro-Jimenez/sale-watches/internal/core/domain/services/validation.go:56.39,58.3 1 0
github.com/David-Alejandro-Jimenez/sale-watches/internal/core/domain/services/validation.go:60.2,63.32 4 0
github.com/David-Alejandro-Jimenez/sale-watches/internal/core/domain/services/validation.go:63.32,64.28 1 0
github.com/David-Alejandro-Jimenez/sale-watches/internal/core/domain/services/validation.go:64.28,66.4 1 0
github.com/David-Alejandro-Jimenez/sale-watches/internal/core/domain/services/validation.go:67.3,67.28 1 0
github.com/David-Alejandro-Jimenez/sale-watches/internal/core/domain/services/validation.go:67.28,69.4 1 0
github.com/David-Alejandro-Jimenez/sale-watches/internal/core/domain/services/validation.go:70.3,70.54 1 0
github.com/David-Alejandro-Jimenez/sale-watches/internal/core/domain/services/validation.go:70.54,72.4 1 0
github.com/David-Alejandro-Jimenez/sale-watches/internal/core/domain/services/validation.go:74.3,74.54 1 0
github.com/David-Alejandro-Jimenez/sale-watches/internal/core/domain/services/validation.go:74.54,75.9 1 0
github.com/David-Alejandro-Jimenez/sale-watches/internal/core/domain/services/validation.go:79.2,79.19 1 0
github.com/David-Alejandro-Jimenez/sale-watches/internal/core/domain/services/validation.go:79.19,81.3 1 0
github.com/David-Alejandro-Jimenez/sale-watches/internal/core/domain/services/validation.go:83.2,83.15 1 0
github.com/David-Alejandro-Jimenez/sale-watches/internal/core/domain/services/validation.go:83.15,85.3 1 0
github.com/David-Alejandro-Jimenez/sale-watches/internal/core/domain/services/validation.go:87.2,87.26 1 0
github.com/David-Alejandro-Jimenez/sale-watches/internal/core/domain/services/validation.go:87.26,89.3 1 0
github.com/David-Alejandro-Jimenez/sale-watches/internal/core/domain/services/validation.go:90.2,90.12 1 0
github.com/David-Alejandro-Jimenez/sale-watches/pkg/errors/errors.go:24.35,25.18 1 0
github.com/David-Alejandro-Jimenez/sale-watches/pkg/errors/errors.go:25.18,27.3 1 0
github.com/David-Alejandro-Jimenez/sale-watches/pkg/errors/errors.go:28.2,28.50 1 0
github.com/David-Alejandro-Jimenez/sale-watches/pkg/errors/errors.go:33.35,35.2 1 0
github.com/David-Alejandro-Jimenez/sale-watches/pkg/errors/errors.go:42.51,45.2 2 0
github.com/David-Alejandro-Jimenez/sale-watches/pkg/errors/errors.go:50.51,55.2 1 0
github.com/David-Alejandro-Jimenez/sale-watches/pkg/errors/errors.go:58.49,63.2 1 0
github.com/David-Alejandro-Jimenez/sale-watches/pkg/errors/errors.go:66.49,71.2 1 0
github.com/David-Alejandro-Jimenez/sale-watches/pkg/errors/errors.go:74.45,79.2 1 0
github.com/David-Alejandro-Jimenez/sale-watches/pkg/errors/errors.go:82.56,87.2 1 0
github.com/David-Alejandro-Jimenez/sale-watches/pkg/errors/errors.go:90.49,95.2 1 0
github.com/David-Alejandro-Jimenez/sale-watches/pkg/errors/errors.go:98.50,103.2 1 0
github.com/David-Alejandro-Jimenez/sale-watches/pkg/errors/errors.go:106.51,111.2 1 0
github.com/David-Alejandro-Jimenez/sale-watches/pkg/errors/errors.go:117.33,118.39 1 0
github.com/David-Alejandro-Jimenez/sale-watches/pkg/errors/errors.go:118.39,120.3 1 0
github.com/David-Alejandro-Jimenez/sale-watches/pkg/errors/errors.go:121.2,121.14 1 0
github.com/David-Alejandro-Jimenez/sale-watches/pkg/errors/errors.go:126.34,127.39 1 0
github.com/David-Alejandro-Jimenez/sale-watches/pkg/errors/errors.go:127.39,129.3 1 0
github.com/David-Alejandro-Jimenez/sale-watches/pkg/errors/errors.go:130.2,130.14 1 0
github.com/David-Alejandro-Jimenez/sale-watches/pkg/errors/errors.go:135.40,136.39 1 0
github.com/David-Alejandro-Jimenez/sale-watches/pkg/errors/errors.go:136.39,138.3 1 0
github.com/David-Alejandro-Jimenez/sale-watches/pkg/errors/errors.go:139.2,139.14 1 0
github.com/David-Alejandro-Jimenez/sale-watches/pkg/errors/errors.go:144.38,145.39 1 0
github.com/David-Alejandro-Jimenez/sale-watches/pkg/errors/errors.go:145.39,147.3 1 0
github.com/David-Alejandro-Jimenez/sale-watches/pkg/errors/errors.go:148.2,148.14 1 0
github.com/David-Alejandro-Jimenez/sale-watches/pkg/security/rate_limiter/clear_limiter.go:19.76,21.2 1 0
github.com/David-Alejandro-Jimenez/sale-watches/pkg/security/rate_limiter/clear_limiter.go:30.87,31.12 1 0
github.com/David-Alejandro-Jimenez/sale-watches/pkg/security/rate_limiter/clear_limiter.go:31.12,34.22 3 0
github.com/David-Alejandro-Jimenez/sale-watches/pkg/security/rate_limiter/clear_limiter.go:34.22,36.4 1 0
github.com/David-Alejandro-Jimenez/sale-watches/pkg/security/rate_limiter/ip_extractor.go:29.64,30.61 1 0
github.com/David-Alejandro-Jimenez/sale-watches/pkg/security/rate_limiter/ip_extractor.go:30.61,32.3 1 0
github.com/David-Alejandro-Jimenez/sale-watches/pkg/security/rate_limiter/ip_extractor.go:33.2,33.19 1 0
github.com/David-Alejandro-Jimenez/sale-watches/pkg/security/rate_limiter/rate_limiter.go:46.84,56.2 3 0
github.com/David-Alejandro-Jimenez/sale-watches/pkg/security/rate_limiter/rate_limiter.go:60.59,63.2 2 0
github.com/David-Alejandro-Jimenez/sale-watches/pkg/security/rate_limiter/rate_limiter.go:75.57,82.2 1 0
github.com/David-Alejandro-Jimenez/sale-watches/pkg/security/rate_limiter/rate_limiter.go:86.90,88.2 1 0
github.com/David-Alejandro-Jimenez/sale-watches/pkg/security/rate_limiter/rate_limiter.go:92.89,95.12 3 0
github.com/David-Alejandro-Jimenez/sale-watches/pkg/security/rate_limiter/rate_limiter.go:95.12,99.3 3 0
github.com/David-Alejandro-Jimenez/sale-watches/pkg/security/rate_limiter/rate_limiter.go:101.2,108.12 4 0
github.com/David-Alejandro-Jimenez/sale-watches/pkg/security/rate_limiter/rate_limiter.go:108.12,110.3 1 0
github.com/David-Alejandro-Jimenez/sale-watches/pkg/security/rate_limiter/rate_limiter.go:111.2,111.19 1 0
github.com/David-Alejandro-Jimenez/sale-watches/pkg/security/rate_limiter/rate_limiter.go:116.95,118.59 2 0
github.com/David-Alejandro-Jimenez/sale-watches/pkg/security/rate_limiter/rate_limiter.go:118.59,120.67 2 0
github.com/David-Alejandro-Jimenez/sale-watches/pkg/security/rate_limiter/rate_limiter.go:120.67,122.4 1 0
github.com/David-Alejandro-Jimenez/sale-watches/pkg/security/rate_limiter/rate_limiter.go:123.3,123.14 1 0
github.com/David-Alejandro-Jimenez/sale-watches/pkg/security/security_auth/crypto.go:20.47,23.2 2 0
github.com/David-Alejandro-Jimenez/sale-watches/pkg/security/security_auth/crypto.go:30.61,32.16 2 0
github.com/David-Alejandro-Jimenez/sale-watches/pkg/security/security_auth/crypto.go:32.16,34.3 1 0
github.com/David-Alejandro-Jimenez/sale-watches/pkg/security/security_auth/crypto.go:35.2,35.34 1 0
github.com/David-Alejandro-Jimenez/sale-watches/pkg/security/security_auth/crypto.go:48.57,51.16 3 0
github.com/David-Alejandro-Jimenez/sale-watches/pkg/security/security_auth/crypto.go:51.16,53.3 1 0
github.com/David-Alejandro-Jimenez/sale-watches/pkg/security/security_auth/crypto.go:55.2,55.53 1 0
github.com/David-Alejandro-Jimenez/sale-watches/pkg/security/security_auth/jwt.go:20.50,24.2 1 0
github.com/David-Alejandro-Jimenez/sale-watches/pkg/security/security_auth/jwt.go:28.67,38.2 3 0
github.com/David-Alejandro-Jimenez/sale-watches/pkg/security/security_auth/jwt.go:42.62,43.86 1 0
github.com/David-Alejandro-Jimenez/sale-watches/pkg/security/security_auth/jwt.go:43.86,45.58 1 0
github.com/David-Alejandro-Jimenez/sale-watches/pkg/security/security_auth/jwt.go:45.58,47.4 1 0
github.com/David-Alejandro-Jimenez/sale-watches/pkg/security/security_auth/jwt.go:49.3,49.26 1 0
github.com/David-Alejandro-Jimenez/sale-watches/pkg/security/security_auth/jwt.go:52.2,52.16 1 0
github.com/David-Alejandro-Jimenez/sale-watches/pkg/security/security_auth/jwt.go:52.16,54.3 1 0
github.com/David-Alejandro-Jimenez/sale-watches/pkg/security/security_auth/jwt.go:56.2,56.18 1 0
github.com/David-Alejandro-Jimenez/sale-watches/pkg/security/security_auth/jwt.go:56.18,58.3 1 0
github.com/David-Alejandro-Jimenez/sale-watches/pkg/security/security_auth/jwt.go:60.2,60.12 1 0
github.com/David-Alejandro-Jimenez/sale-watches/pkg/security/security_auth/jwt.go:68.45,70.2 1 0
github.com/David-Alejandro-Jimenez/sale-watches/pkg/security/security_auth/jwt.go:74.51,75.30 1 0
github.com/David-Alejandro-Jimenez/sale-watches/pkg/security/security_auth/jwt.go:75.30,77.3 1 0
github.com/David-Alejandro-Jimenez/sale-watches/pkg/security/security_auth/jwt.go:78.2,78.48 1 0
github.com/David-Alejandro-Jimenez/sale-watches/pkg/security/security_auth/jwt.go:83.46,84.30 1 0
github.com/David-Alejandro-Jimenez/sale-watches/pkg/security/security_auth/jwt.go:84.30,86.3 1 0
github.com/David-Alejandro-Jimenez/sale-watches/pkg/security/security_auth/jwt.go:87.2,87.53 1 0
